<?xml version="1.0" encoding="UTF-8"?>
<!-- Generated by org.testng.reporters.JUnitReportReporter -->
<testsuite skipped="0" hostname="DESKTOP-BLUAQE1" name="alpha.LoggingExample" tests="1" failures="0" timestamp="13 Jan 2018 02:45:09 GMT" time="0.551" errors="0">
  <testcase name="simpleTest" time="0.551" classname="alpha.LoggingExample"/>
</testsuite> <!-- alpha.LoggingExample -->
