<?xml version="1.0" encoding="UTF-8"?>
<!-- Generated by org.testng.reporters.JUnitReportReporter -->
<testsuite skipped="0" hostname="DESKTOP-BLUAQE1" name="beta.LoggingExample2" tests="1" failures="0" timestamp="13 Jan 2018 02:45:16 GMT" time="0.680" errors="0">
  <testcase name="simpleTest2" time="0.680" classname="beta.LoggingExample2"/>
</testsuite> <!-- beta.LoggingExample2 -->
